BASE

|      Groups      |Version|Filter|n-shot|Metric|Value |   |Stderr|
|------------------|-------|------|-----:|------|-----:|---|-----:|
|mmlu              |N/A    |none  |     0|acc   |0.5964|±  |0.1400|
| - humanities     |N/A    |none  |     0|acc   |0.5360|±  |0.1650|
| - other          |N/A    |none  |     0|acc   |0.6801|±  |0.1045|
| - social_sciences|N/A    |none  |     0|acc   |0.6974|±  |0.0910|
| - stem           |N/A    |none  |     0|acc   |0.5052|±  |0.1145|

1 LoRA (baseline, 1 epoch fine-tuning on open-instruct)
|      Groups      |Version|Filter|n-shot|Metric|Value |   |Stderr|
|------------------|-------|------|-----:|------|-----:|---|-----:|
|mmlu              |N/A    |none  |     0|acc   |0.3805|±  |0.0868|
| - humanities     |N/A    |none  |     0|acc   |0.3388|±  |0.0877|
| - other          |N/A    |none  |     0|acc   |0.4203|±  |0.0890|
| - social_sciences|N/A    |none  |     0|acc   |0.4358|±  |0.0746|
| - stem           |N/A    |none  |     0|acc   |0.3495|±  |0.0716|

2 Cluster LoRAs
|      Groups      |Version|Filter|n-shot|Metric|Value |   |Stderr|
|------------------|-------|------|-----:|------|-----:|---|-----:|
|mmlu              |N/A    |none  |     0|acc   |0.5966|±  |0.1393|
| - humanities     |N/A    |none  |     0|acc   |0.5356|±  |0.1653|
| - other          |N/A    |none  |     0|acc   |0.6814|±  |0.1021|
| - social_sciences|N/A    |none  |     0|acc   |0.6952|±  |0.0897|
| - stem           |N/A    |none  |     0|acc   |0.5078|±  |0.1149|

4 Cluster LoRAs
|      Groups      |Version|Filter|n-shot|Metric|Value |   |Stderr|
|------------------|-------|------|-----:|------|-----:|---|-----:|
|mmlu              |N/A    |none  |     0|acc   |0.5966|±  |0.1393|
| - humanities     |N/A    |none  |     0|acc   |0.5356|±  |0.1653|
| - other          |N/A    |none  |     0|acc   |0.6814|±  |0.1021|
| - social_sciences|N/A    |none  |     0|acc   |0.6952|±  |0.0897|
| - stem           |N/A    |none  |     0|acc   |0.5078|±  |0.1149|

8 Cluster LoRAs
|      Groups      |Version|Filter|n-shot|Metric|Value |   |Stderr|
|------------------|-------|------|-----:|------|-----:|---|-----:|
|mmlu              |N/A    |none  |     0|acc   |0.5966|±  |0.1393|
| - humanities     |N/A    |none  |     0|acc   |0.5356|±  |0.1653|
| - other          |N/A    |none  |     0|acc   |0.6814|±  |0.1021|
| - social_sciences|N/A    |none  |     0|acc   |0.6952|±  |0.0897|
| - stem           |N/A    |none  |     0|acc   |0.5078|±  |0.1149|